==================================================
LOG UNDUHAN PDF — REKONSTRUKSI
Pengadilan : Pengadilan Negeri Surabaya
Kategori   : wanprestasi-1
Tahun      : 2025
--------------------------------------------------
[OK] case_001.pdf (451.4 KB)
[OK] case_002.pdf (247.7 KB)
[OK] case_003.pdf (197.6 KB)
[OK] case_004.pdf (97.5 KB)
[OK] case_005.pdf (806.9 KB)
[OK] case_006.pdf (245.2 KB)
[OK] case_007.pdf (338.9 KB)
[OK] case_008.pdf (239.0 KB)
[OK] case_009.pdf (28.7 KB)
[OK] case_010.pdf (468.5 KB)
[OK] case_011.pdf (467.4 KB)
[OK] case_012.pdf (189.2 KB)
[OK] case_013.pdf (220.9 KB)
[OK] case_014.pdf (336.6 KB)
[OK] case_015.pdf (377.6 KB)
[OK] case_016.pdf (131.1 KB)
[OK] case_017.pdf (387.5 KB)
[OK] case_018.pdf (355.5 KB)
[OK] case_019.pdf (431.4 KB)
[OK] case_020.pdf (69.4 KB)
[OK] case_021.pdf (64.8 KB)
[OK] case_022.pdf (79.7 KB)
[OK] case_023.pdf (141.5 KB)
[OK] case_024.pdf (176.7 KB)
[OK] case_025.pdf (363.8 KB)
[OK] case_026.pdf (71.1 KB)
[OK] case_027.pdf (458.8 KB)
[OK] case_028.pdf (129.4 KB)
[OK] case_029.pdf (271.5 KB)
[OK] case_030.pdf (174.0 KB)
[OK] case_031.pdf (177.9 KB)
[OK] case_032.pdf (145.1 KB)
[OK] case_033.pdf (738.5 KB)
[OK] case_034.pdf (208.7 KB)
[OK] case_035.pdf (147.3 KB)
[OK] case_036.pdf (315.3 KB)
[OK] case_037.pdf (230.1 KB)
[OK] case_038.pdf (74.0 KB)
[OK] case_039.pdf (75.8 KB)
[OK] case_040.pdf (212.8 KB)
[OK] case_041.pdf (190.7 KB)
[OK] case_042.pdf (48.4 KB)
[OK] case_043.pdf (337.9 KB)
[OK] case_044.pdf (100.1 KB)
[OK] case_045.pdf (90.5 KB)
[OK] case_046.pdf (288.0 KB)
[OK] case_047.pdf (69.5 KB)
[OK] case_048.pdf (82.1 KB)
[OK] case_049.pdf (225.0 KB)
[OK] case_050.pdf (300.2 KB)
[OK] case_051.pdf (475.4 KB)
[OK] case_052.pdf (245.2 KB)
[OK] case_053.pdf (952.7 KB)
[OK] case_054.pdf (373.2 KB)
[OK] case_055.pdf (116.7 KB)
[OK] case_056.pdf (69.2 KB)
[OK] case_057.pdf (101.3 KB)
[OK] case_058.pdf (192.6 KB)
[OK] case_059.pdf (50.5 KB)
[OK] case_060.pdf (369.7 KB)
[OK] case_061.pdf (369.3 KB)
[OK] case_062.pdf (62.8 KB)
[OK] case_063.pdf (1414.8 KB)
[OK] case_064.pdf (292.0 KB)
[OK] case_065.pdf (69.3 KB)
[OK] case_066.pdf (206.6 KB)
[OK] case_067.pdf (94.7 KB)
[OK] case_068.pdf (542.3 KB)
[OK] case_069.pdf (148.7 KB)
[OK] case_070.pdf (294.5 KB)
[OK] case_071.pdf (589.8 KB)
[OK] case_072.pdf (190.3 KB)
[OK] case_073.pdf (84.5 KB)
[OK] case_074.pdf (272.8 KB)
[OK] case_075.pdf (277.5 KB)
[OK] case_076.pdf (170.0 KB)
[OK] case_077.pdf (412.2 KB)
[OK] case_078.pdf (65.8 KB)
[OK] case_079.pdf (65.9 KB)
[OK] case_080.pdf (305.4 KB)
--------------------------------------------------
Selesai Tahap Unduh: 2026-06-20 02:25:48
PDF Sukses Terunduh: 80 | Gagal/Skip: 77
==================================================